<?xml version="1.0" encoding="UTF-8"?>
<coverage generated="1582935814907" clover="3.2.0">
  <project timestamp="1582935814908" name="All files">
    <metrics statements="35" coveredstatements="26" conditionals="13" coveredconditionals="11" methods="12" coveredmethods="10" elements="60" coveredelements="47" complexity="0" loc="35" ncloc="35" packages="2" files="4" classes="4">
      <package name="config">
        <metrics statements="1" coveredstatements="1" conditionals="0" coveredconditionals="0" methods="0" coveredmethods="0"/>
        <file name="index.js" path="/Users/thomasrughooputh/Sites/devs/sandbox/Level-Up-JavaScript-Testing-101/config/index.js">
          <metrics statements="1" coveredstatements="1" conditionals="0" coveredconditionals="0" methods="0" coveredmethods="0"/>
          <line num="1" count="1" type="stmt"/>
        </file>
      </package>
      <package name="src">
        <metrics statements="34" coveredstatements="25" conditionals="13" coveredconditionals="11" methods="12" coveredmethods="10"/>
        <file name="App.js" path="/Users/thomasrughooputh/Sites/devs/sandbox/Level-Up-JavaScript-Testing-101/src/App.js">
          <metrics statements="1" coveredstatements="1" conditionals="0" coveredconditionals="0" methods="1" coveredmethods="1"/>
          <line num="1" count="2" type="stmt"/>
        </file>
        <file name="Dom.js" path="/Users/thomasrughooputh/Sites/devs/sandbox/Level-Up-JavaScript-Testing-101/src/Dom.js">
          <metrics statements="11" coveredstatements="2" conditionals="2" coveredconditionals="0" methods="2" coveredmethods="0"/>
          <line num="1" count="1" type="stmt"/>
          <line num="2" count="0" type="stmt"/>
          <line num="3" count="0" type="stmt"/>
          <line num="4" count="0" type="stmt"/>
          <line num="5" count="0" type="stmt"/>
          <line num="6" count="0" type="cond" truecount="0" falsecount="2"/>
          <line num="7" count="0" type="stmt"/>
          <line num="10" count="1" type="stmt"/>
          <line num="11" count="0" type="stmt"/>
          <line num="12" count="0" type="stmt"/>
          <line num="13" count="0" type="stmt"/>
        </file>
        <file name="Utils.js" path="/Users/thomasrughooputh/Sites/devs/sandbox/Level-Up-JavaScript-Testing-101/src/Utils.js">
          <metrics statements="22" coveredstatements="22" conditionals="11" coveredconditionals="11" methods="9" coveredmethods="9"/>
          <line num="1" count="1" type="stmt"/>
          <line num="2" count="35" type="stmt"/>
          <line num="5" count="1" type="stmt"/>
          <line num="6" count="16" type="cond" truecount="4" falsecount="0"/>
          <line num="7" count="10" type="stmt"/>
          <line num="8" count="6" type="stmt"/>
          <line num="11" count="1" type="stmt"/>
          <line num="12" count="5" type="cond" truecount="2" falsecount="0"/>
          <line num="13" count="2" type="stmt"/>
          <line num="14" count="3" type="stmt"/>
          <line num="17" count="1" type="stmt"/>
          <line num="18" count="30" type="stmt"/>
          <line num="21" count="1" type="stmt"/>
          <line num="22" count="5" type="cond" truecount="2" falsecount="0"/>
          <line num="23" count="3" type="cond" truecount="2" falsecount="0"/>
          <line num="24" count="2" type="stmt"/>
          <line num="25" count="8" type="stmt"/>
          <line num="28" count="1" type="stmt"/>
          <line num="30" count="2" type="stmt"/>
          <line num="33" count="1" type="cond" truecount="1" falsecount="0"/>
          <line num="34" count="5" type="stmt"/>
          <line num="35" count="37" type="stmt"/>
        </file>
      </package>
    </metrics>
  </project>
</coverage>
