{"/Users/thomasrughooputh/Sites/devs/sandbox/Level-Up-JavaScript-Testing-101/config/index.js": {"path":"/Users/thomasrughooputh/Sites/devs/sandbox/Level-Up-JavaScript-Testing-101/config/index.js","statementMap":{"0":{"start":{"line":1,"column":22},"end":{"line":4,"column":1}}},"fnMap":{},"branchMap":{},"s":{"0":1},"f":{},"b":{},"_coverageSchema":"332fd63041d2c1bcb487cc26dd0d5f7d97098a6c","hash":"99b183c43d4330067be088f6bf874e3ebd845ffc"}
,"/Users/thomasrughooputh/Sites/devs/sandbox/Level-Up-JavaScript-Testing-101/src/App.js": {"path":"/Users/thomasrughooputh/Sites/devs/sandbox/Level-Up-JavaScript-Testing-101/src/App.js","statementMap":{"0":{"start":{"line":1,"column":21},"end":{"line":1,"column":34}},"1":{"start":{"line":1,"column":27},"end":{"line":1,"column":34}}},"fnMap":{"0":{"name":"(anonymous_0)","decl":{"start":{"line":1,"column":21},"end":{"line":1,"column":22}},"loc":{"start":{"line":1,"column":27},"end":{"line":1,"column":34}},"line":1}},"branchMap":{},"s":{"0":1,"1":2},"f":{"0":2},"b":{},"_coverageSchema":"332fd63041d2c1bcb487cc26dd0d5f7d97098a6c","hash":"50d7a3c2860c1b768b5b7863f3e18580e0e7c32b"}
,"/Users/thomasrughooputh/Sites/devs/sandbox/Level-Up-JavaScript-Testing-101/src/Dom.js": {"path":"/Users/thomasrughooputh/Sites/devs/sandbox/Level-Up-JavaScript-Testing-101/src/Dom.js","statementMap":{"0":{"start":{"line":1,"column":18},"end":{"line":8,"column":1}},"1":{"start":{"line":2,"column":14},"end":{"line":2,"column":43}},"2":{"start":{"line":3,"column":13},"end":{"line":3,"column":52}},"3":{"start":{"line":4,"column":4},"end":{"line":4,"column":36}},"4":{"start":{"line":5,"column":4},"end":{"line":5,"column":28}},"5":{"start":{"line":6,"column":19},"end":{"line":6,"column":102}},"6":{"start":{"line":7,"column":4},"end":{"line":7,"column":28}},"7":{"start":{"line":10,"column":16},"end":{"line":14,"column":1}},"8":{"start":{"line":11,"column":12},"end":{"line":11,"column":39}},"9":{"start":{"line":12,"column":4},"end":{"line":12,"column":26}},"10":{"start":{"line":13,"column":4},"end":{"line":13,"column":13}}},"fnMap":{"0":{"name":"(anonymous_0)","decl":{"start":{"line":1,"column":18},"end":{"line":1,"column":19}},"loc":{"start":{"line":1,"column":29},"end":{"line":8,"column":1}},"line":1},"1":{"name":"(anonymous_1)","decl":{"start":{"line":10,"column":16},"end":{"line":10,"column":17}},"loc":{"start":{"line":10,"column":27},"end":{"line":14,"column":1}},"line":10}},"branchMap":{"0":{"loc":{"start":{"line":6,"column":19},"end":{"line":6,"column":102}},"type":"cond-expr","locations":[{"start":{"line":6,"column":28},"end":{"line":6,"column":59}},{"start":{"line":6,"column":62},"end":{"line":6,"column":102}}],"line":6}},"s":{"0":1,"1":0,"2":0,"3":0,"4":0,"5":0,"6":0,"7":1,"8":0,"9":0,"10":0},"f":{"0":0,"1":0},"b":{"0":[0,0]},"_coverageSchema":"332fd63041d2c1bcb487cc26dd0d5f7d97098a6c","hash":"8e2a3964b43215198f42dd81f0d073dfd571e71b"}
,"/Users/thomasrughooputh/Sites/devs/sandbox/Level-Up-JavaScript-Testing-101/src/Utils.js": {"path":"/Users/thomasrughooputh/Sites/devs/sandbox/Level-Up-JavaScript-Testing-101/src/Utils.js","statementMap":{"0":{"start":{"line":1,"column":17},"end":{"line":3,"column":1}},"1":{"start":{"line":2,"column":4},"end":{"line":2,"column":31}},"2":{"start":{"line":5,"column":12},"end":{"line":9,"column":1}},"3":{"start":{"line":6,"column":4},"end":{"line":7,"column":20}},"4":{"start":{"line":7,"column":8},"end":{"line":7,"column":20}},"5":{"start":{"line":8,"column":4},"end":{"line":8,"column":16}},"6":{"start":{"line":11,"column":15},"end":{"line":15,"column":1}},"7":{"start":{"line":12,"column":4},"end":{"line":13,"column":20}},"8":{"start":{"line":13,"column":8},"end":{"line":13,"column":20}},"9":{"start":{"line":14,"column":4},"end":{"line":14,"column":17}},"10":{"start":{"line":17,"column":21},"end":{"line":19,"column":1}},"11":{"start":{"line":18,"column":4},"end":{"line":18,"column":67}},"12":{"start":{"line":18,"column":32},"end":{"line":18,"column":65}},"13":{"start":{"line":21,"column":24},"end":{"line":31,"column":1}},"14":{"start":{"line":22,"column":4},"end":{"line":29,"column":5}},"15":{"start":{"line":23,"column":8},"end":{"line":27,"column":9}},"16":{"start":{"line":24,"column":12},"end":{"line":26,"column":15}},"17":{"start":{"line":25,"column":16},"end":{"line":25,"column":48}},"18":{"start":{"line":28,"column":8},"end":{"line":28,"column":20}},"19":{"start":{"line":30,"column":4},"end":{"line":30,"column":14}},"20":{"start":{"line":33,"column":21},"end":{"line":36,"column":1}},"21":{"start":{"line":34,"column":19},"end":{"line":34,"column":44}},"22":{"start":{"line":35,"column":4},"end":{"line":35,"column":79}},"23":{"start":{"line":35,"column":44},"end":{"line":35,"column":68}}},"fnMap":{"0":{"name":"(anonymous_0)","decl":{"start":{"line":1,"column":17},"end":{"line":1,"column":18}},"loc":{"start":{"line":1,"column":22},"end":{"line":3,"column":1}},"line":1},"1":{"name":"(anonymous_1)","decl":{"start":{"line":5,"column":12},"end":{"line":5,"column":13}},"loc":{"start":{"line":5,"column":21},"end":{"line":9,"column":1}},"line":5},"2":{"name":"(anonymous_2)","decl":{"start":{"line":11,"column":15},"end":{"line":11,"column":16}},"loc":{"start":{"line":11,"column":21},"end":{"line":15,"column":1}},"line":11},"3":{"name":"(anonymous_3)","decl":{"start":{"line":17,"column":21},"end":{"line":17,"column":22}},"loc":{"start":{"line":17,"column":30},"end":{"line":19,"column":1}},"line":17},"4":{"name":"(anonymous_4)","decl":{"start":{"line":18,"column":24},"end":{"line":18,"column":25}},"loc":{"start":{"line":18,"column":32},"end":{"line":18,"column":65}},"line":18},"5":{"name":"(anonymous_5)","decl":{"start":{"line":21,"column":24},"end":{"line":21,"column":25}},"loc":{"start":{"line":21,"column":43},"end":{"line":31,"column":1}},"line":21},"6":{"name":"(anonymous_6)","decl":{"start":{"line":24,"column":31},"end":{"line":24,"column":32}},"loc":{"start":{"line":24,"column":39},"end":{"line":26,"column":13}},"line":24},"7":{"name":"(anonymous_7)","decl":{"start":{"line":33,"column":21},"end":{"line":33,"column":22}},"loc":{"start":{"line":33,"column":37},"end":{"line":36,"column":1}},"line":33},"8":{"name":"(anonymous_8)","decl":{"start":{"line":35,"column":34},"end":{"line":35,"column":35}},"loc":{"start":{"line":35,"column":44},"end":{"line":35,"column":68}},"line":35}},"branchMap":{"0":{"loc":{"start":{"line":6,"column":4},"end":{"line":7,"column":20}},"type":"if","locations":[{"start":{"line":6,"column":4},"end":{"line":7,"column":20}},{"start":{"line":6,"column":4},"end":{"line":7,"column":20}}],"line":6},"1":{"loc":{"start":{"line":6,"column":8},"end":{"line":6,"column":36}},"type":"binary-expr","locations":[{"start":{"line":6,"column":8},"end":{"line":6,"column":20}},{"start":{"line":6,"column":24},"end":{"line":6,"column":36}}],"line":6},"2":{"loc":{"start":{"line":12,"column":4},"end":{"line":13,"column":20}},"type":"if","locations":[{"start":{"line":12,"column":4},"end":{"line":13,"column":20}},{"start":{"line":12,"column":4},"end":{"line":13,"column":20}}],"line":12},"3":{"loc":{"start":{"line":22,"column":4},"end":{"line":29,"column":5}},"type":"if","locations":[{"start":{"line":22,"column":4},"end":{"line":29,"column":5}},{"start":{"line":22,"column":4},"end":{"line":29,"column":5}}],"line":22},"4":{"loc":{"start":{"line":23,"column":8},"end":{"line":27,"column":9}},"type":"if","locations":[{"start":{"line":23,"column":8},"end":{"line":27,"column":9}},{"start":{"line":23,"column":8},"end":{"line":27,"column":9}}],"line":23},"5":{"loc":{"start":{"line":33,"column":22},"end":{"line":33,"column":31}},"type":"default-arg","locations":[{"start":{"line":33,"column":29},"end":{"line":33,"column":31}}],"line":33}},"s":{"0":1,"1":35,"2":1,"3":16,"4":10,"5":6,"6":1,"7":5,"8":2,"9":3,"10":1,"11":6,"12":30,"13":1,"14":5,"15":3,"16":2,"17":8,"18":1,"19":2,"20":1,"21":5,"22":5,"23":37},"f":{"0":35,"1":16,"2":5,"3":6,"4":30,"5":5,"6":8,"7":5,"8":37},"b":{"0":[10,6],"1":[16,9],"2":[2,3],"3":[3,2],"4":[2,1],"5":[1]},"_coverageSchema":"332fd63041d2c1bcb487cc26dd0d5f7d97098a6c","hash":"b4c63fe55bdd2453c8d78353a8629880cfe40bec"}
}
