TN:
SF:/Users/thomasrughooputh/Sites/devs/sandbox/Level-Up-JavaScript-Testing-101/config/index.js
FNF:0
FNH:0
DA:1,1
LF:1
LH:1
BRF:0
BRH:0
end_of_record
TN:
SF:/Users/thomasrughooputh/Sites/devs/sandbox/Level-Up-JavaScript-Testing-101/src/App.js
FN:1,(anonymous_0)
FNF:1
FNH:1
FNDA:2,(anonymous_0)
DA:1,2
LF:1
LH:1
BRF:0
BRH:0
end_of_record
TN:
SF:/Users/thomasrughooputh/Sites/devs/sandbox/Level-Up-JavaScript-Testing-101/src/Dom.js
FN:1,(anonymous_0)
FN:10,(anonymous_1)
FNF:2
FNH:1
FNDA:1,(anonymous_0)
FNDA:0,(anonymous_1)
DA:1,1
DA:2,1
DA:3,1
DA:4,1
DA:5,1
DA:6,1
DA:7,1
DA:10,1
DA:11,0
DA:12,0
DA:13,0
LF:11
LH:8
BRF:0
BRH:0
end_of_record
TN:
SF:/Users/thomasrughooputh/Sites/devs/sandbox/Level-Up-JavaScript-Testing-101/src/Utils.js
FN:1,(anonymous_0)
FN:5,(anonymous_1)
FN:11,(anonymous_2)
FN:17,(anonymous_3)
FN:18,(anonymous_4)
FN:21,(anonymous_5)
FN:24,(anonymous_6)
FN:33,(anonymous_7)
FN:35,(anonymous_8)
FNF:9
FNH:9
FNDA:35,(anonymous_0)
FNDA:16,(anonymous_1)
FNDA:5,(anonymous_2)
FNDA:6,(anonymous_3)
FNDA:30,(anonymous_4)
FNDA:5,(anonymous_5)
FNDA:8,(anonymous_6)
FNDA:5,(anonymous_7)
FNDA:37,(anonymous_8)
DA:1,1
DA:2,35
DA:5,1
DA:6,16
DA:7,10
DA:8,6
DA:11,1
DA:12,5
DA:13,2
DA:14,3
DA:17,1
DA:18,30
DA:21,1
DA:22,5
DA:23,3
DA:24,2
DA:25,8
DA:28,1
DA:30,2
DA:33,1
DA:34,5
DA:35,37
LF:22
LH:22
BRDA:6,0,0,10
BRDA:6,0,1,6
BRDA:6,1,0,16
BRDA:6,1,1,9
BRDA:12,2,0,2
BRDA:12,2,1,3
BRDA:22,3,0,3
BRDA:22,3,1,2
BRDA:23,4,0,2
BRDA:23,4,1,1
BRDA:33,5,0,1
BRF:11
BRH:11
end_of_record
